android/build/app/intermediates/manifest_merge_blame_file/release/manifest-merger-blame-release-report.txt
1<?xml version="1.0" encoding="utf-8"?>
2<manifest xmlns:android="http://schemas.android.com/apk/res/android"
3    package="com.example.restaurant_testing"
4    android:versionCode="4001"
5    android:versionName="1.0.0" >
6
7    <uses-sdk
8        android:minSdkVersion="21"
8-->src\main\AndroidManifest.xml
9        android:targetSdkVersion="33" />
9-->src\main\AndroidManifest.xml
10
11    <uses-permission android:name="android.permission.ACCESS_COARSE_LOCATION" />
11-->[:location] AndroidManifest.xml:9:5-81
11-->[:location] AndroidManifest.xml:9:22-78
12    <uses-permission android:name="android.permission.ACCESS_FINE_LOCATION" />
12-->[:location] AndroidManifest.xml:10:5-79
12-->[:location] AndroidManifest.xml:10:22-76
13    <uses-permission android:name="android.permission.INTERNET" />
13-->[com.google.firebase:firebase-auth:22.0.0] AndroidManifest.xml:25:5-67
13-->[com.google.firebase:firebase-auth:22.0.0] AndroidManifest.xml:25:22-64
14    <uses-permission android:name="android.permission.ACCESS_NETWORK_STATE" />
14-->[com.google.firebase:firebase-auth:22.0.0] AndroidManifest.xml:26:5-79
14-->[com.google.firebase:firebase-auth:22.0.0] AndroidManifest.xml:26:22-76
15
16    <permission
16-->[androidx.core:core:1.10.1] AndroidManifest.xml:22:5-24:47
17        android:name="com.example.restaurant_testing.DYNAMIC_RECEIVER_NOT_EXPORTED_PERMISSION"
17-->[androidx.core:core:1.10.1] AndroidManifest.xml:23:9-81
18        android:protectionLevel="signature" />
18-->[androidx.core:core:1.10.1] AndroidManifest.xml:24:9-44
19
20    <uses-permission android:name="com.example.restaurant_testing.DYNAMIC_RECEIVER_NOT_EXPORTED_PERMISSION" />
20-->[androidx.core:core:1.10.1] AndroidManifest.xml:26:5-97
20-->[androidx.core:core:1.10.1] AndroidManifest.xml:26:22-94
21
22    <application
23        android:name="android.app.Application"
23-->src\main\AndroidManifest.xml:4:9-42
24        android:appComponentFactory="androidx.core.app.CoreComponentFactory"
24-->[androidx.core:core:1.10.1] AndroidManifest.xml:28:18-86
25        android:icon="@mipmap/ic_launcher"
25-->src\main\AndroidManifest.xml:5:9-43
26        android:label="restaurant_testing" >
26-->src\main\AndroidManifest.xml:3:9-43
27        <activity
27-->src\main\AndroidManifest.xml:6:9-26:20
28            android:name="com.example.restaurant_testing.MainActivity"
28-->src\main\AndroidManifest.xml:7:13-41
29            android:configChanges="orientation|keyboardHidden|keyboard|screenSize|smallestScreenSize|locale|layoutDirection|fontScale|screenLayout|density|uiMode"
29-->src\main\AndroidManifest.xml:11:13-163
30            android:exported="true"
30-->src\main\AndroidManifest.xml:8:13-36
31            android:hardwareAccelerated="true"
31-->src\main\AndroidManifest.xml:12:13-47
32            android:launchMode="singleTop"
32-->src\main\AndroidManifest.xml:9:13-43
33            android:theme="@style/LaunchTheme"
33-->src\main\AndroidManifest.xml:10:13-47
34            android:windowSoftInputMode="adjustResize" >
34-->src\main\AndroidManifest.xml:13:13-55
35
36            <!--
37                 Specifies an Android theme to apply to this Activity as soon as
38                 the Android process has started. This theme is visible to the user
39                 while the Flutter UI initializes. After that, this theme continues
40                 to determine the Window background behind the Flutter UI.
41            -->
42            <meta-data
42-->src\main\AndroidManifest.xml:18:13-21:17
43                android:name="io.flutter.embedding.android.NormalTheme"
43-->src\main\AndroidManifest.xml:19:15-70
44                android:resource="@style/NormalTheme" />
44-->src\main\AndroidManifest.xml:20:15-52
45
46            <intent-filter>
46-->src\main\AndroidManifest.xml:22:13-25:29
47                <action android:name="android.intent.action.MAIN" />
47-->src\main\AndroidManifest.xml:23:17-68
47-->src\main\AndroidManifest.xml:23:25-66
48
49                <category android:name="android.intent.category.LAUNCHER" />
49-->src\main\AndroidManifest.xml:24:17-76
49-->src\main\AndroidManifest.xml:24:27-74
50            </intent-filter>
51        </activity>
52        <!--
53             Don't delete the meta-data below.
54             This is used by the Flutter tool to generate GeneratedPluginRegistrant.java
55        -->
56        <meta-data
56-->src\main\AndroidManifest.xml:29:9-31:33
57            android:name="flutterEmbedding"
57-->src\main\AndroidManifest.xml:30:13-44
58            android:value="2" />
58-->src\main\AndroidManifest.xml:31:13-30
59
60        <service
60-->[:firebase_auth] AndroidManifest.xml:10:9-14:19
61            android:name="com.google.firebase.components.ComponentDiscoveryService"
61-->[:firebase_auth] AndroidManifest.xml:10:18-89
62            android:directBootAware="true"
62-->[com.google.firebase:firebase-common:20.3.3] AndroidManifest.xml:34:13-43
63            android:exported="false" >
63-->[com.google.firebase:firebase-auth:22.0.0] AndroidManifest.xml:68:13-37
64            <meta-data
64-->[:firebase_auth] AndroidManifest.xml:11:13-13:85
65                android:name="com.google.firebase.components:io.flutter.plugins.firebase.auth.FlutterFirebaseAuthRegistrar"
65-->[:firebase_auth] AndroidManifest.xml:12:17-124
66                android:value="com.google.firebase.components.ComponentRegistrar" />
66-->[:firebase_auth] AndroidManifest.xml:13:17-82
67            <meta-data
67-->[:firebase_storage] AndroidManifest.xml:11:13-13:85
68                android:name="com.google.firebase.components:io.flutter.plugins.firebase.storage.FlutterFirebaseAppRegistrar"
68-->[:firebase_storage] AndroidManifest.xml:12:17-126
69                android:value="com.google.firebase.components.ComponentRegistrar" />
69-->[:firebase_storage] AndroidManifest.xml:13:17-82
70            <meta-data
70-->[:cloud_firestore] AndroidManifest.xml:11:13-13:85
71                android:name="com.google.firebase.components:io.flutter.plugins.firebase.firestore.FlutterFirebaseFirestoreRegistrar"
71-->[:cloud_firestore] AndroidManifest.xml:12:17-134
72                android:value="com.google.firebase.components.ComponentRegistrar" />
72-->[:cloud_firestore] AndroidManifest.xml:13:17-82
73            <meta-data
73-->[:firebase_core] AndroidManifest.xml:11:13-13:85
74                android:name="com.google.firebase.components:io.flutter.plugins.firebase.core.FlutterFirebaseCoreRegistrar"
74-->[:firebase_core] AndroidManifest.xml:12:17-124
75                android:value="com.google.firebase.components.ComponentRegistrar" />
75-->[:firebase_core] AndroidManifest.xml:13:17-82
76            <meta-data
76-->[com.google.firebase:firebase-auth:22.0.0] AndroidManifest.xml:69:13-71:85
77                android:name="com.google.firebase.components:com.google.firebase.auth.FirebaseAuthRegistrar"
77-->[com.google.firebase:firebase-auth:22.0.0] AndroidManifest.xml:70:17-109
78                android:value="com.google.firebase.components.ComponentRegistrar" />
78-->[com.google.firebase:firebase-auth:22.0.0] AndroidManifest.xml:71:17-82
79            <meta-data
79-->[com.google.firebase:firebase-storage:20.2.1] AndroidManifest.xml:32:13-34:85
80                android:name="com.google.firebase.components:com.google.firebase.storage.StorageRegistrar"
80-->[com.google.firebase:firebase-storage:20.2.1] AndroidManifest.xml:33:17-107
81                android:value="com.google.firebase.components.ComponentRegistrar" />
81-->[com.google.firebase:firebase-storage:20.2.1] AndroidManifest.xml:34:17-82
82            <meta-data
82-->[com.google.firebase:firebase-firestore:24.6.1] AndroidManifest.xml:19:13-21:85
83                android:name="com.google.firebase.components:com.google.firebase.firestore.FirestoreRegistrar"
83-->[com.google.firebase:firebase-firestore:24.6.1] AndroidManifest.xml:20:17-111
84                android:value="com.google.firebase.components.ComponentRegistrar" />
84-->[com.google.firebase:firebase-firestore:24.6.1] AndroidManifest.xml:21:17-82
85        </service>
86
87        <provider
87-->[:image_picker_android] AndroidManifest.xml:10:9-18:20
88            android:name="io.flutter.plugins.imagepicker.ImagePickerFileProvider"
88-->[:image_picker_android] AndroidManifest.xml:11:13-82
89            android:authorities="com.example.restaurant_testing.flutter.image_provider"
89-->[:image_picker_android] AndroidManifest.xml:12:13-74
90            android:exported="false"
90-->[:image_picker_android] AndroidManifest.xml:13:13-37
91            android:grantUriPermissions="true" >
91-->[:image_picker_android] AndroidManifest.xml:14:13-47
92            <meta-data
92-->[:image_picker_android] AndroidManifest.xml:15:13-17:75
93                android:name="android.support.FILE_PROVIDER_PATHS"
93-->[:image_picker_android] AndroidManifest.xml:16:17-67
94                android:resource="@xml/flutter_image_picker_file_paths" />
94-->[:image_picker_android] AndroidManifest.xml:17:17-72
95        </provider>
96
97        <service
97-->[:location] AndroidManifest.xml:13:9-17:56
98            android:name="com.lyokone.location.FlutterLocationService"
98-->[:location] AndroidManifest.xml:14:13-71
99            android:enabled="true"
99-->[:location] AndroidManifest.xml:15:13-35
100            android:exported="false"
100-->[:location] AndroidManifest.xml:16:13-37
101            android:foregroundServiceType="location" />
101-->[:location] AndroidManifest.xml:17:13-53
102
103        <activity
103-->[com.google.firebase:firebase-auth:22.0.0] AndroidManifest.xml:29:9-46:20
104            android:name="com.google.firebase.auth.internal.GenericIdpActivity"
104-->[com.google.firebase:firebase-auth:22.0.0] AndroidManifest.xml:30:13-80
105            android:excludeFromRecents="true"
105-->[com.google.firebase:firebase-auth:22.0.0] AndroidManifest.xml:31:13-46
106            android:exported="true"
106-->[com.google.firebase:firebase-auth:22.0.0] AndroidManifest.xml:32:13-36
107            android:launchMode="singleTask"
107-->[com.google.firebase:firebase-auth:22.0.0] AndroidManifest.xml:33:13-44
108            android:theme="@android:style/Theme.Translucent.NoTitleBar" >
108-->[com.google.firebase:firebase-auth:22.0.0] AndroidManifest.xml:34:13-72
109            <intent-filter>
109-->[com.google.firebase:firebase-auth:22.0.0] AndroidManifest.xml:35:13-45:29
110                <action android:name="android.intent.action.VIEW" />
110-->[com.google.firebase:firebase-auth:22.0.0] AndroidManifest.xml:36:17-69
110-->[com.google.firebase:firebase-auth:22.0.0] AndroidManifest.xml:36:25-66
111
112                <category android:name="android.intent.category.DEFAULT" />
112-->[com.google.firebase:firebase-auth:22.0.0] AndroidManifest.xml:38:17-76
112-->[com.google.firebase:firebase-auth:22.0.0] AndroidManifest.xml:38:27-73
113                <category android:name="android.intent.category.BROWSABLE" />
113-->[com.google.firebase:firebase-auth:22.0.0] AndroidManifest.xml:39:17-78
113-->[com.google.firebase:firebase-auth:22.0.0] AndroidManifest.xml:39:27-75
114
115                <data
115-->[com.google.firebase:firebase-auth:22.0.0] AndroidManifest.xml:41:17-44:51
116                    android:host="firebase.auth"
116-->[com.google.firebase:firebase-auth:22.0.0] AndroidManifest.xml:42:21-49
117                    android:path="/"
117-->[com.google.firebase:firebase-auth:22.0.0] AndroidManifest.xml:43:21-37
118                    android:scheme="genericidp" />
118-->[com.google.firebase:firebase-auth:22.0.0] AndroidManifest.xml:44:21-48
119            </intent-filter>
120        </activity>
121        <activity
121-->[com.google.firebase:firebase-auth:22.0.0] AndroidManifest.xml:47:9-64:20
122            android:name="com.google.firebase.auth.internal.RecaptchaActivity"
122-->[com.google.firebase:firebase-auth:22.0.0] AndroidManifest.xml:48:13-79
123            android:excludeFromRecents="true"
123-->[com.google.firebase:firebase-auth:22.0.0] AndroidManifest.xml:49:13-46
124            android:exported="true"
124-->[com.google.firebase:firebase-auth:22.0.0] AndroidManifest.xml:50:13-36
125            android:launchMode="singleTask"
125-->[com.google.firebase:firebase-auth:22.0.0] AndroidManifest.xml:51:13-44
126            android:theme="@android:style/Theme.Translucent.NoTitleBar" >
126-->[com.google.firebase:firebase-auth:22.0.0] AndroidManifest.xml:52:13-72
127            <intent-filter>
127-->[com.google.firebase:firebase-auth:22.0.0] AndroidManifest.xml:53:13-63:29
128                <action android:name="android.intent.action.VIEW" />
128-->[com.google.firebase:firebase-auth:22.0.0] AndroidManifest.xml:36:17-69
128-->[com.google.firebase:firebase-auth:22.0.0] AndroidManifest.xml:36:25-66
129
130                <category android:name="android.intent.category.DEFAULT" />
130-->[com.google.firebase:firebase-auth:22.0.0] AndroidManifest.xml:38:17-76
130-->[com.google.firebase:firebase-auth:22.0.0] AndroidManifest.xml:38:27-73
131                <category android:name="android.intent.category.BROWSABLE" />
131-->[com.google.firebase:firebase-auth:22.0.0] AndroidManifest.xml:39:17-78
131-->[com.google.firebase:firebase-auth:22.0.0] AndroidManifest.xml:39:27-75
132
133                <data
133-->[com.google.firebase:firebase-auth:22.0.0] AndroidManifest.xml:41:17-44:51
134                    android:host="firebase.auth"
134-->[com.google.firebase:firebase-auth:22.0.0] AndroidManifest.xml:42:21-49
135                    android:path="/"
135-->[com.google.firebase:firebase-auth:22.0.0] AndroidManifest.xml:43:21-37
136                    android:scheme="recaptcha" />
136-->[com.google.firebase:firebase-auth:22.0.0] AndroidManifest.xml:44:21-48
137            </intent-filter>
138        </activity>
139
140        <provider
140-->[com.google.firebase:firebase-common:20.3.3] AndroidManifest.xml:25:9-30:39
141            android:name="com.google.firebase.provider.FirebaseInitProvider"
141-->[com.google.firebase:firebase-common:20.3.3] AndroidManifest.xml:26:13-77
142            android:authorities="com.example.restaurant_testing.firebaseinitprovider"
142-->[com.google.firebase:firebase-common:20.3.3] AndroidManifest.xml:27:13-72
143            android:directBootAware="true"
143-->[com.google.firebase:firebase-common:20.3.3] AndroidManifest.xml:28:13-43
144            android:exported="false"
144-->[com.google.firebase:firebase-common:20.3.3] AndroidManifest.xml:29:13-37
145            android:initOrder="100" />
145-->[com.google.firebase:firebase-common:20.3.3] AndroidManifest.xml:30:13-36
146
147        <activity
147-->[com.google.android.gms:play-services-base:18.0.1] AndroidManifest.xml:20:9-22:45
148            android:name="com.google.android.gms.common.api.GoogleApiActivity"
148-->[com.google.android.gms:play-services-base:18.0.1] AndroidManifest.xml:20:19-85
149            android:exported="false"
149-->[com.google.android.gms:play-services-base:18.0.1] AndroidManifest.xml:22:19-43
150            android:theme="@android:style/Theme.Translucent.NoTitleBar" />
150-->[com.google.android.gms:play-services-base:18.0.1] AndroidManifest.xml:21:19-78
151
152        <meta-data
152-->[com.google.android.gms:play-services-basement:18.1.0] AndroidManifest.xml:21:9-23:69
153            android:name="com.google.android.gms.version"
153-->[com.google.android.gms:play-services-basement:18.1.0] AndroidManifest.xml:22:13-58
154            android:value="@integer/google_play_services_version" />
154-->[com.google.android.gms:play-services-basement:18.1.0] AndroidManifest.xml:23:13-66
155
156        <uses-library
156-->[androidx.window:window:1.0.0-beta04] AndroidManifest.xml:25:9-27:40
157            android:name="androidx.window.extensions"
157-->[androidx.window:window:1.0.0-beta04] AndroidManifest.xml:26:13-54
158            android:required="false" />
158-->[androidx.window:window:1.0.0-beta04] AndroidManifest.xml:27:13-37
159        <uses-library
159-->[androidx.window:window:1.0.0-beta04] AndroidManifest.xml:28:9-30:40
160            android:name="androidx.window.sidecar"
160-->[androidx.window:window:1.0.0-beta04] AndroidManifest.xml:29:13-51
161            android:required="false" />
161-->[androidx.window:window:1.0.0-beta04] AndroidManifest.xml:30:13-37
162
163        <provider
163-->[androidx.profileinstaller:profileinstaller:1.3.0] AndroidManifest.xml:24:9-32:20
164            android:name="androidx.startup.InitializationProvider"
164-->[androidx.profileinstaller:profileinstaller:1.3.0] AndroidManifest.xml:25:13-67
165            android:authorities="com.example.restaurant_testing.androidx-startup"
165-->[androidx.profileinstaller:profileinstaller:1.3.0] AndroidManifest.xml:26:13-68
166            android:exported="false" >
166-->[androidx.profileinstaller:profileinstaller:1.3.0] AndroidManifest.xml:27:13-37
167            <meta-data
167-->[androidx.profileinstaller:profileinstaller:1.3.0] AndroidManifest.xml:29:13-31:52
168                android:name="androidx.profileinstaller.ProfileInstallerInitializer"
168-->[androidx.profileinstaller:profileinstaller:1.3.0] AndroidManifest.xml:30:17-85
169                android:value="androidx.startup" />
169-->[androidx.profileinstaller:profileinstaller:1.3.0] AndroidManifest.xml:31:17-49
170        </provider>
171
172        <receiver
172-->[androidx.profileinstaller:profileinstaller:1.3.0] AndroidManifest.xml:34:9-52:20
173            android:name="androidx.profileinstaller.ProfileInstallReceiver"
173-->[androidx.profileinstaller:profileinstaller:1.3.0] AndroidManifest.xml:35:13-76
174            android:directBootAware="false"
174-->[androidx.profileinstaller:profileinstaller:1.3.0] AndroidManifest.xml:36:13-44
175            android:enabled="true"
175-->[androidx.profileinstaller:profileinstaller:1.3.0] AndroidManifest.xml:37:13-35
176            android:exported="true"
176-->[androidx.profileinstaller:profileinstaller:1.3.0] AndroidManifest.xml:38:13-36
177            android:permission="android.permission.DUMP" >
177-->[androidx.profileinstaller:profileinstaller:1.3.0] AndroidManifest.xml:39:13-57
178            <intent-filter>
178-->[androidx.profileinstaller:profileinstaller:1.3.0] AndroidManifest.xml:40:13-42:29
179                <action android:name="androidx.profileinstaller.action.INSTALL_PROFILE" />
179-->[androidx.profileinstaller:profileinstaller:1.3.0] AndroidManifest.xml:41:17-91
179-->[androidx.profileinstaller:profileinstaller:1.3.0] AndroidManifest.xml:41:25-88
180            </intent-filter>
181            <intent-filter>
181-->[androidx.profileinstaller:profileinstaller:1.3.0] AndroidManifest.xml:43:13-45:29
182                <action android:name="androidx.profileinstaller.action.SKIP_FILE" />
182-->[androidx.profileinstaller:profileinstaller:1.3.0] AndroidManifest.xml:44:17-85
182-->[androidx.profileinstaller:profileinstaller:1.3.0] AndroidManifest.xml:44:25-82
183            </intent-filter>
184            <intent-filter>
184-->[androidx.profileinstaller:profileinstaller:1.3.0] AndroidManifest.xml:46:13-48:29
185                <action android:name="androidx.profileinstaller.action.SAVE_PROFILE" />
185-->[androidx.profileinstaller:profileinstaller:1.3.0] AndroidManifest.xml:47:17-88
185-->[androidx.profileinstaller:profileinstaller:1.3.0] AndroidManifest.xml:47:25-85
186            </intent-filter>
187            <intent-filter>
187-->[androidx.profileinstaller:profileinstaller:1.3.0] AndroidManifest.xml:49:13-51:29
188                <action android:name="androidx.profileinstaller.action.BENCHMARK_OPERATION" />
188-->[androidx.profileinstaller:profileinstaller:1.3.0] AndroidManifest.xml:50:17-95
188-->[androidx.profileinstaller:profileinstaller:1.3.0] AndroidManifest.xml:50:25-92
189            </intent-filter>
190        </receiver>
191    </application>
192
193</manifest>